0 verbose cli /Users/mitra001/.nvm/versions/node/v20.19.3/bin/node /Users/mitra001/.nvm/versions/node/v20.19.3/bin/npm
1 info using npm@10.8.2
2 info using node@v20.19.3
3 silly config load:file:/Users/mitra001/.nvm/versions/node/v20.19.3/lib/node_modules/npm/npmrc
4 silly config load:file:/Users/mitra001/Documents/khalif/lvminance-lab/lumi-crop/.npmrc
5 silly config load:file:/Users/mitra001/.npmrc
6 silly config load:file:/Users/mitra001/.nvm/versions/node/v20.19.3/etc/npmrc
7 verbose title npm publish
8 verbose argv "publish" "--access" "public"
9 verbose logfile logs-max:10 dir:/Users/mitra001/Documents/khalif/lvminance-lab/lumi-crop/npm-cache/_logs/2026-03-04T19_20_02_883Z-
10 verbose logfile /Users/mitra001/Documents/khalif/lvminance-lab/lumi-crop/npm-cache/_logs/2026-03-04T19_20_02_883Z-debug-0.log
11 verbose publish [ '.' ]
12 silly logfile start cleaning logs, removing 1 files
13 silly logfile done cleaning log files
14 silly packumentCache heap:4345298944 maxSize:1086324736 maxEntrySize:543162368
15 notice
16 notice 📦  lumi-crop@0.1.0
17 notice Tarball Contents
18 notice 11.3kB LICENSE
18 notice 4.6kB README.md
18 notice 25.9kB dist/index.cjs
18 notice 3.2kB dist/index.d.cts
18 notice 3.2kB dist/index.d.ts
18 notice 25.4kB dist/index.js
18 notice 1.4kB package.json
19 notice Tarball Details
20 notice name: lumi-crop
21 notice version: 0.1.0
22 notice filename: lumi-crop-0.1.0.tgz
23 notice package size: 16.2 kB
24 notice unpacked size: 75.0 kB
25 notice shasum: d6c62937ee824b2a5f68c10bcbf728aee69863d7
26 notice integrity: sha512-gkwZiW+Eqy6f0[...]xg+YCXLyvXgjQ==
27 notice total files: 7
28 notice
29 notice Publishing to https://registry.npmjs.org/ with tag latest and public access
30 http fetch PUT 401 https://registry.npmjs.org/lumi-crop 1186ms
31 verbose web auth opening url pair
32 http fetch GET 202 https://registry.npmjs.org/-/v1/done?authId=*** 218ms
33 http fetch GET 202 https://registry.npmjs.org/-/v1/done?authId=*** 226ms
34 http fetch GET 202 https://registry.npmjs.org/-/v1/done?authId=*** 334ms
35 http fetch GET 202 https://registry.npmjs.org/-/v1/done?authId=*** 230ms
36 http fetch GET 202 https://registry.npmjs.org/-/v1/done?authId=*** 320ms
37 http fetch GET 200 https://registry.npmjs.org/-/v1/done?authId=*** 239ms
38 verbose web auth done-check finished
39 http fetch PUT 200 https://registry.npmjs.org/lumi-crop 2081ms
40 verbose cwd /Users/mitra001/Documents/khalif/lvminance-lab/lumi-crop
41 verbose os Darwin 25.0.0
42 verbose node v20.19.3
43 verbose npm  v10.8.2
44 verbose exit 0
45 info ok
