0 verbose cli /Users/mitra001/.nvm/versions/node/v20.19.3/bin/node /Users/mitra001/.nvm/versions/node/v20.19.3/bin/npm
1 info using npm@10.8.2
2 info using node@v20.19.3
3 silly config load:file:/Users/mitra001/.nvm/versions/node/v20.19.3/lib/node_modules/npm/npmrc
4 silly config load:file:/Users/mitra001/Documents/khalif/lvminance-lab/lumi-crop/.npmrc
5 silly config load:file:/Users/mitra001/.npmrc
6 silly config load:file:/Users/mitra001/.nvm/versions/node/v20.19.3/etc/npmrc
7 verbose title npm publish
8 verbose argv "publish"
9 verbose logfile logs-max:10 dir:/Users/mitra001/Documents/khalif/lvminance-lab/lumi-crop/npm-cache/_logs/2026-03-04T19_18_41_404Z-
10 verbose logfile /Users/mitra001/Documents/khalif/lvminance-lab/lumi-crop/npm-cache/_logs/2026-03-04T19_18_41_404Z-debug-0.log
11 verbose publish [ '.' ]
12 silly logfile start cleaning logs, removing 1 files
13 silly logfile done cleaning log files
14 silly packumentCache heap:4345298944 maxSize:1086324736 maxEntrySize:543162368
15 notice
16 notice 📦  lumi-crop@0.1.0
17 notice Tarball Contents
18 notice 11.3kB LICENSE
18 notice 4.6kB README.md
18 notice 25.9kB dist/index.cjs
18 notice 3.2kB dist/index.d.cts
18 notice 3.2kB dist/index.d.ts
18 notice 25.4kB dist/index.js
18 notice 1.4kB package.json
19 notice Tarball Details
20 notice name: lumi-crop
21 notice version: 0.1.0
22 notice filename: lumi-crop-0.1.0.tgz
23 notice package size: 16.2 kB
24 notice unpacked size: 75.0 kB
25 notice shasum: d6c62937ee824b2a5f68c10bcbf728aee69863d7
26 notice integrity: sha512-gkwZiW+Eqy6f0[...]xg+YCXLyvXgjQ==
27 notice total files: 7
28 notice
29 notice Publishing to https://registry.npmjs.org/ with tag latest and default access
30 notice Access token expired or revoked. Please try logging in again.
31 http fetch PUT 404 https://registry.npmjs.org/lumi-crop 589ms
32 verbose stack HttpErrorGeneral: 404 Not Found - PUT https://registry.npmjs.org/lumi-crop - Not found
32 verbose stack     at /Users/mitra001/.nvm/versions/node/v20.19.3/lib/node_modules/npm/node_modules/npm-registry-fetch/lib/check-response.js:95:15
32 verbose stack     at process.processTicksAndRejections (node:internal/process/task_queues:95:5)
32 verbose stack     at async publish (/Users/mitra001/.nvm/versions/node/v20.19.3/lib/node_modules/npm/node_modules/libnpmpublish/lib/publish.js:53:15)
32 verbose stack     at async otplease (/Users/mitra001/.nvm/versions/node/v20.19.3/lib/node_modules/npm/lib/utils/auth.js:8:12)
32 verbose stack     at async #publish (/Users/mitra001/.nvm/versions/node/v20.19.3/lib/node_modules/npm/lib/commands/publish.js:157:7)
32 verbose stack     at async Publish.exec (/Users/mitra001/.nvm/versions/node/v20.19.3/lib/node_modules/npm/lib/commands/publish.js:46:5)
32 verbose stack     at async Npm.exec (/Users/mitra001/.nvm/versions/node/v20.19.3/lib/node_modules/npm/lib/npm.js:207:9)
32 verbose stack     at async module.exports (/Users/mitra001/.nvm/versions/node/v20.19.3/lib/node_modules/npm/lib/cli/entry.js:74:5)
33 verbose statusCode 404
34 verbose pkgid lumi-crop@0.1.0
35 error code E404
36 error 404 Not Found - PUT https://registry.npmjs.org/lumi-crop - Not found
37 error 404
38 error 404  'lumi-crop@0.1.0' is not in this registry.
39 error 404
40 error 404 Note that you can also install from a
41 error 404 tarball, folder, http url, or git url.
42 verbose cwd /Users/mitra001/Documents/khalif/lvminance-lab/lumi-crop
43 verbose os Darwin 25.0.0
44 verbose node v20.19.3
45 verbose npm  v10.8.2
46 verbose exit 1
47 verbose code 1
48 error A complete log of this run can be found in: /Users/mitra001/Documents/khalif/lvminance-lab/lumi-crop/npm-cache/_logs/2026-03-04T19_18_41_404Z-debug-0.log
